tprd/proguard-tplt.txt
 -optimizationpasses 5
 -dontpreverify
 -verbose

 -dontskipnonpubliclibraryclasses
  -optimizations !code/simplification/arithmetic,!field/*,!class/merging/*

 -keep public class * extends android.app.Activity
 -keep public class * extends android.app.Application
 -keep public class * extends android.app.Service
 -keep public class * extends android.content.BroadcastReceiver
 -keep public class * extends android.content.ContentProvider
 -keep public class * extends android.app.backup.BackupAgentHelper
 -keep public class * extends android.preference.Preference
 -keep public class com.android.vending.licensing.ILicensingService

 -keepclasseswithmembernames class * {
    native <methods>;
}

 -keepclasseswithmembernames class * {
public <init>(android.content.Context, android.util.AttributeSet);
}

  -keepclasseswithmembernames class * {
    public <init>(android.content.Context, android.util.AttributeSet, int);
}

 -keepclassmembers enum * {
      public static **[] values();
     public static ** valueOf(java.lang.String);
 }

  -keep class * implements android.os.Parcelable {
    public static final android.os.Parcelable$Creator *;
  }
  
 
-keep class android.support.v4.* { *; }
-dontwarn android.support.v4.**

-keep interface com.hanaone.media.AudioControllerView.MediaPlayerControl{*;}

-keep interface com.hanaone.tplt.adapter.ListExamHeaderAdapter.ExamItem{*;}
-keep interface com.hanaone.tplt.adapter.ListSectionAdapter.Item{*;}

-keep class com.hanaone.tplt.db.*{*;}
-keepclassmembers class com.hanaone.tplt.db.** { *; }  

-keepclassmembers class com.kyleduo.switchbutton.** { *; }  

-keep class com.hanaone.tplt.util.DatabaseUtils {*;}
-keep class com.hanaone.jni.stringFromJNI {*;}

-keep class * extends java.util.ListResourceBundle {
    protected Object[][] getContents();
}

-keep public class com.google.android.gms.common.internal.safeparcel.SafeParcelable {
    public static final *** NULL;
}

-keepnames @com.google.android.gms.common.annotation.KeepName class *
-keepclassmembernames class * {
    @com.google.android.gms.common.annotation.KeepName *;
}

-keepnames class * implements android.os.Parcelable {
    public static final ** CREATOR;
}

-dontwarn com.google.android.gms.**