tprd/proguard/seeds.txt
android.support.v4.widget.SlidingPaneLayout$LayoutParams
android.support.v4.widget.SlidingPaneLayout$LayoutParams: SlidingPaneLayout$LayoutParams(android.content.Context,android.util.AttributeSet)
android.support.v4.widget.SlidingPaneLayout$SavedState
android.support.v4.widget.SlidingPaneLayout$SavedState: android.os.Parcelable$Creator CREATOR
android.support.v4.widget.Space
android.support.v4.widget.Space: Space(android.content.Context,android.util.AttributeSet,int)
android.support.v4.widget.Space: Space(android.content.Context,android.util.AttributeSet)
android.support.v4.widget.SwipeRefreshLayout
android.support.v4.widget.SwipeRefreshLayout: SwipeRefreshLayout(android.content.Context,android.util.AttributeSet)
com.google.ads.AdRequest$ErrorCode: com.google.ads.AdRequest$ErrorCode[] values()
com.google.ads.AdRequest$ErrorCode: com.google.ads.AdRequest$ErrorCode valueOf(java.lang.String)
com.google.ads.AdRequest$Gender: com.google.ads.AdRequest$Gender[] values()
com.google.ads.AdRequest$Gender: com.google.ads.AdRequest$Gender valueOf(java.lang.String)
com.google.ads.mediation.AdUrlAdapter
com.google.ads.mediation.MediationBannerListener: void onClick(com.google.ads.mediation.MediationBannerAdapter)
com.google.ads.mediation.admob.AdMobAdapter
com.google.ads.mediation.customevent.CustomEventAdapter
com.google.ads.mediation.customevent.CustomEventAdapter$zza: void onClick()
com.google.ads.mediation.customevent.CustomEventBannerListener: void onClick()
com.google.android.gms.ads.AdActivity
com.google.android.gms.ads.AdActivity: AdActivity()
com.google.android.gms.ads.AdView
com.google.android.gms.ads.AdView: AdView(android.content.Context)
com.google.android.gms.ads.AdView: AdView(android.content.Context,android.util.AttributeSet)
com.google.android.gms.ads.AdView: AdView(android.content.Context,android.util.AttributeSet,int)
com.google.android.gms.ads.BaseAdView
com.google.android.gms.ads.BaseAdView: BaseAdView(android.content.Context,int)
com.google.android.gms.ads.BaseAdView: BaseAdView(android.content.Context,android.util.AttributeSet,int)
com.google.android.gms.ads.BaseAdView: BaseAdView(android.content.Context,android.util.AttributeSet,int,int)
com.google.android.gms.ads.NativeExpressAdView
com.google.android.gms.ads.NativeExpressAdView: NativeExpressAdView(android.content.Context,android.util.AttributeSet)
com.google.android.gms.ads.NativeExpressAdView: NativeExpressAdView(android.content.Context,android.util.AttributeSet,int)
com.google.android.gms.ads.doubleclick.PublisherAdView
com.google.android.gms.ads.doubleclick.PublisherAdView: PublisherAdView(android.content.Context,android.util.AttributeSet)
com.google.android.gms.ads.doubleclick.PublisherAdView: PublisherAdView(android.content.Context,android.util.AttributeSet,int)
com.google.android.gms.ads.formats.NativeAdView
com.google.android.gms.ads.formats.NativeAdView: NativeAdView(android.content.Context,android.util.AttributeSet)
com.google.android.gms.ads.formats.NativeAdView: NativeAdView(android.content.Context,android.util.AttributeSet,int)
com.google.android.gms.ads.formats.NativeAppInstallAdView
com.google.android.gms.ads.formats.NativeAppInstallAdView: NativeAppInstallAdView(android.content.Context,android.util.AttributeSet)
com.google.android.gms.ads.formats.NativeAppInstallAdView: NativeAppInstallAdView(android.content.Context,android.util.AttributeSet,int)
com.google.android.gms.ads.formats.NativeContentAdView
com.google.android.gms.ads.formats.NativeContentAdView: NativeContentAdView(android.content.Context,android.util.AttributeSet)
com.google.android.gms.ads.formats.NativeContentAdView: NativeContentAdView(android.content.Context,android.util.AttributeSet,int)
com.google.android.gms.ads.internal.InterstitialAdParameterParcel
com.google.android.gms.ads.internal.InterstitialAdParameterParcel: com.google.android.gms.ads.internal.zzl CREATOR