tprd/proguard/mapping.txt
com.google.android.gms.internal.zzai$zzh -> com.google.android.gms.b.n:
    com.google.android.gms.internal.zzai zznw -> a
    void <init>(com.google.android.gms.internal.zzai) -> <init>
    void zzc(byte[],byte[]) -> a
    void <init>(com.google.android.gms.internal.zzai,byte) -> <init>
com.google.android.gms.internal.zzai$zzi -> com.google.android.gms.b.o:
    com.google.android.gms.internal.zzai zznw -> a
    void <init>(com.google.android.gms.internal.zzai) -> <init>
    void zzc(byte[],byte[]) -> a
    void <init>(com.google.android.gms.internal.zzai,byte) -> <init>
com.google.android.gms.internal.zzai$zzj -> com.google.android.gms.b.p:
    com.google.android.gms.internal.zzai zznw -> a
    void <init>(com.google.android.gms.internal.zzai) -> <init>
    void zzc(byte[],byte[]) -> a
    void <init>(com.google.android.gms.internal.zzai,byte) -> <init>
com.google.android.gms.internal.zzai$zzk -> com.google.android.gms.b.q:
    com.google.android.gms.internal.zzai zznw -> a
    void <init>(com.google.android.gms.internal.zzai) -> <init>
    void zzc(byte[],byte[]) -> a
    void <init>(com.google.android.gms.internal.zzai,byte) -> <init>
com.google.android.gms.internal.zzai$zzl -> com.google.android.gms.b.r:
    com.google.android.gms.internal.zzai zznw -> a
    void <init>(com.google.android.gms.internal.zzai) -> <init>
    void zzc(byte[],byte[]) -> a
    void <init>(com.google.android.gms.internal.zzai,byte) -> <init>
com.google.android.gms.internal.zzai$zzm -> com.google.android.gms.b.s:
    com.google.android.gms.internal.zzai zznw -> a
    void <init>(com.google.android.gms.internal.zzai) -> <init>
    void zzc(byte[],byte[]) -> a
    void <init>(com.google.android.gms.internal.zzai,byte) -> <init>
com.google.android.gms.internal.zzaj -> com.google.android.gms.b.t:
    java.lang.String zzb(android.content.Context) -> a
    java.lang.String zzb(android.content.Context,java.lang.String) -> a
    void zza(android.view.MotionEvent) -> a
    void zza(int,int,int) -> a
com.google.android.gms.internal.zzak -> com.google.android.gms.b.u:
    android.view.MotionEvent zznx -> a
    java.util.LinkedList zzny -> b
    long zznz -> c
    long zznA -> d
    long zznB -> e
    long zznC -> f
    boolean zznD -> j
    android.util.DisplayMetrics zznE -> g
    com.google.android.gms.internal.zzap zznF -> h
    com.google.android.gms.common.api.GoogleApiClient zznG -> i
    void <init>(android.content.Context,com.google.android.gms.internal.zzap) -> <init>
    com.google.ads.afma.nano.NanoAfmaSignals$AFMASignals zzc(android.content.Context) -> b
    com.google.ads.afma.nano.NanoAfmaSignals$AFMASignals zzd(android.content.Context) -> c
    java.lang.String zzb(android.content.Context) -> a
    java.lang.String zzb(android.content.Context,java.lang.String) -> a
    void zza(android.view.MotionEvent) -> a
    void zza(int,int,int) -> a
    java.lang.String zza(android.content.Context,java.lang.String,boolean) -> a
    java.lang.String zzk(java.lang.String) -> a