tprd/proguard/usage.txt
com.google.android.gms.internal.zzno$zzd
com.google.android.gms.internal.zzno$zze
com.google.android.gms.internal.zzno$zzf
com.google.android.gms.internal.zznp
com.google.android.gms.internal.zznq
com.google.android.gms.internal.zznr
com.google.android.gms.internal.zzns
com.google.android.gms.internal.zznt
com.google.android.gms.internal.zznu
com.google.android.gms.internal.zznu$zza
com.google.android.gms.internal.zznv
com.google.android.gms.internal.zznw
com.google.android.gms.internal.zznx
com.google.android.gms.internal.zznx$1
com.google.android.gms.internal.zznx$zza
com.google.android.gms.internal.zzny
com.google.android.gms.internal.zznz
com.google.android.gms.internal.zznz$zza
com.google.android.gms.internal.zznz$zzb
com.google.android.gms.internal.zznz$zzc
com.google.android.gms.internal.zzoa
com.google.android.gms.internal.zzoa$zza
com.google.android.gms.internal.zzoa$zzb
com.google.android.gms.internal.zzoa$zzc
com.google.android.gms.internal.zzob
com.google.android.gms.internal.zzob$zza
com.google.android.gms.internal.zzob$zzb
com.google.android.gms.internal.zzob$zzc
com.google.android.gms.internal.zzoc
com.google.android.gms.internal.zzoc$zza
com.google.android.gms.internal.zzod
com.google.android.gms.internal.zzod$zza
com.google.android.gms.internal.zzod$zzb
com.google.android.gms.internal.zzod$zzc
com.google.android.gms.internal.zzoe
com.google.android.gms.internal.zzoe$zza
com.google.android.gms.internal.zzoe$zzb
com.google.android.gms.internal.zzoe$zzc
com.google.android.gms.internal.zzof
com.google.android.gms.internal.zzof$zza
com.google.android.gms.internal.zzof$zzb
com.google.android.gms.internal.zzof$zzc
com.google.android.gms.internal.zzog
com.google.android.gms.internal.zzog$zza
com.google.android.gms.internal.zzog$zza$zza
com.google.android.gms.internal.zzoh
com.google.android.gms.internal.zzoh$zza
com.google.android.gms.internal.zzoh$zza$zza
com.google.android.gms.internal.zzoi
com.google.android.gms.internal.zzoi$zza
com.google.android.gms.internal.zzoi$zza$zza
com.google.android.gms.internal.zzoj
com.google.android.gms.internal.zzoj$zza
com.google.android.gms.internal.zzoj$zza$zza
com.google.android.gms.internal.zzok
com.google.android.gms.internal.zzok$zza
com.google.android.gms.internal.zzok$zza$zza
com.google.android.gms.internal.zzol
com.google.android.gms.internal.zzol$zza
com.google.android.gms.internal.zzol$zza$zza
com.google.android.gms.internal.zzom
com.google.android.gms.internal.zzom$zza
com.google.android.gms.internal.zzom$zza$zza
com.google.android.gms.internal.zzon
com.google.android.gms.internal.zzon$zza
com.google.android.gms.internal.zzon$zza$zza
com.google.android.gms.internal.zzoo
com.google.android.gms.internal.zzoo$zza
com.google.android.gms.internal.zzoo$zza$zza
com.google.android.gms.internal.zzop
com.google.android.gms.internal.zzop$zza
com.google.android.gms.internal.zzop$zza$zza
com.google.android.gms.internal.zzoq
com.google.android.gms.internal.zzoq$zza
com.google.android.gms.internal.zzoq$zza$zza
com.google.android.gms.internal.zzor
com.google.android.gms.internal.zzor$zza
com.google.android.gms.internal.zzor$zza$zza
com.google.android.gms.internal.zzos
com.google.android.gms.internal.zzos$zza
com.google.android.gms.internal.zzos$zza$zza
com.google.android.gms.internal.zzot
com.google.android.gms.internal.zzot$zza
com.google.android.gms.internal.zzot$zza$zza
com.google.android.gms.internal.zzou
com.google.android.gms.internal.zzou$zza
com.google.android.gms.internal.zzou$zza$zza
com.google.android.gms.internal.zzov
com.google.android.gms.internal.zzov$zza
com.google.android.gms.internal.zzov$zza$zza
com.google.android.gms.internal.zzow
com.google.android.gms.internal.zzow$zza
com.google.android.gms.internal.zzow$zza$zza
com.google.android.gms.internal.zzox
com.google.android.gms.internal.zzox$zza
com.google.android.gms.internal.zzox$zza$zza
com.google.android.gms.internal.zzoy